# JRE version: OpenJDK Runtime Environment (8.0_152-b01) (build 1.8.0_152-release-1248-b01)
# Java VM: OpenJDK 64-Bit Server VM (25.152-b01 mixed mode windows-amd64 compressed oops)
Heap:
 PSYoungGen      total 158720K, used 69205K [0x00000000e0000000, 0x00000000eb400000, 0x0000000100000000)
  eden space 146944K, 47% used [0x00000000e0000000,0x00000000e4395758,0x00000000e8f80000)
  from space 11776K, 0% used [0x00000000e9d80000,0x00000000e9d80000,0x00000000ea900000)
  to   space 14336K, 0% used [0x00000000e8f80000,0x00000000e8f80000,0x00000000e9d80000)
 ParOldGen       total 49152K, used 18575K [0x00000000a0000000, 0x00000000a3000000, 0x00000000e0000000)
  object space 49152K, 37% used [0x00000000a0000000,0x00000000a1223d28,0x00000000a3000000)
 Metaspace       used 42783K, capacity 43566K, committed 43648K, reserved 1087488K
  class space    used 5731K, capacity 6016K, committed 6016K, reserved 1048576K
GC Heap History (10 events):
Event: 9.277 GC heap before
{Heap before GC invocations=6 (full 0):
 PSYoungGen      total 51200K, used 44208K [0x00000000e0000000, 0x00000000e7000000, 0x0000000100000000)
  eden space 49152K, 85% used [0x00000000e0000000,0x00000000e29342e0,0x00000000e3000000)
  from space 2048K, 98% used [0x00000000e3000000,0x00000000e31f8020,0x00000000e3200000)
  to   space 8192K, 0% used [0x00000000e6800000,0x00000000e6800000,0x00000000e7000000)
 ParOldGen       total 32768K, used 11072K [0x00000000a0000000, 0x00000000a2000000, 0x00000000e0000000)
  object space 32768K, 33% used [0x00000000a0000000,0x00000000a0ad0048,0x00000000a2000000)
 Metaspace       used 20707K, capacity 21124K, committed 21296K, reserved 1067008K
  class space    used 2929K, capacity 3114K, committed 3200K, reserved 1048576K
Event: 9.356 GC heap after
Heap after GC invocations=6 (full 0):
 PSYoungGen      total 105472K, used 6959K [0x00000000e0000000, 0x00000000e7200000, 0x0000000100000000)
  eden space 97280K, 0% used [0x00000000e0000000,0x00000000e0000000,0x00000000e5f00000)
  from space 8192K, 84% used [0x00000000e6800000,0x00000000e6ecbd90,0x00000000e7000000)
  to   space 9216K, 0% used [0x00000000e5f00000,0x00000000e5f00000,0x00000000e6800000)
 ParOldGen       total 32768K, used 11072K [0x00000000a0000000, 0x00000000a2000000, 0x00000000e0000000)
  object space 32768K, 33% used [0x00000000a0000000,0x00000000a0ad0048,0x00000000a2000000)
 Metaspace       used 20707K, capacity 21124K, committed 21296K, reserved 1067008K
  class space    used 2929K, capacity 3114K, committed 3200K, reserved 1048576K
}
Event: 9.356 GC heap before
{Heap before GC invocations=7 (full 1):
 PSYoungGen      total 105472K, used 6959K [0x00000000e0000000, 0x00000000e7200000, 0x0000000100000000)
  eden space 97280K, 0% used [0x00000000e0000000,0x00000000e0000000,0x00000000e5f00000)
  from space 8192K, 84% used [0x00000000e6800000,0x00000000e6ecbd90,0x00000000e7000000)
  to   space 9216K, 0% used [0x00000000e5f00000,0x00000000e5f00000,0x00000000e6800000)
 ParOldGen       total 32768K, used 11072K [0x00000000a0000000, 0x00000000a2000000, 0x00000000e0000000)
  object space 32768K, 33% used [0x00000000a0000000,0x00000000a0ad0048,0x00000000a2000000)
 Metaspace       used 20707K, capacity 21124K, committed 21296K, reserved 1067008K
  class space    used 2929K, capacity 3114K, committed 3200K, reserved 1048576K
Event: 9.622 GC heap after
Heap after GC invocations=7 (full 1):
 PSYoungGen      total 105472K, used 0K [0x00000000e0000000, 0x00000000e7200000, 0x0000000100000000)
  eden space 97280K, 0% used [0x00000000e0000000,0x00000000e0000000,0x00000000e5f00000)
  from space 8192K, 0% used [0x00000000e6800000,0x00000000e6800000,0x00000000e7000000)
  to   space 9216K, 0% used [0x00000000e5f00000,0x00000000e5f00000,0x00000000e6800000)
 ParOldGen       total 39424K, used 15914K [0x00000000a0000000, 0x00000000a2680000, 0x00000000e0000000)
  object space 39424K, 40% used [0x00000000a0000000,0x00000000a0f8ab18,0x00000000a2680000)
 Metaspace       used 20707K, capacity 21124K, committed 21296K, reserved 1067008K
  class space    used 2929K, capacity 3114K, committed 3200K, reserved 1048576K
}
Event: 14.070 GC heap before
{Heap before GC invocations=8 (full 1):
 PSYoungGen      total 105472K, used 97280K [0x00000000e0000000, 0x00000000e7200000, 0x0000000100000000)
  eden space 97280K, 100% used [0x00000000e0000000,0x00000000e5f00000,0x00000000e5f00000)
  from space 8192K, 0% used [0x00000000e6800000,0x00000000e6800000,0x00000000e7000000)
  to   space 9216K, 0% used [0x00000000e5f00000,0x00000000e5f00000,0x00000000e6800000)
 ParOldGen       total 39424K, used 15914K [0x00000000a0000000, 0x00000000a2680000, 0x00000000e0000000)
  object space 39424K, 40% used [0x00000000a0000000,0x00000000a0f8ab18,0x00000000a2680000)
 Metaspace       used 30416K, capacity 30936K, committed 31232K, reserved 1077248K
  class space    used 4134K, capacity 4325K, committed 4352K, reserved 1048576K
Event: 14.116 GC heap after
Heap after GC invocations=8 (full 1):
 PSYoungGen      total 106496K, used 9210K [0x00000000e0000000, 0x00000000ea900000, 0x0000000100000000)
  eden space 97280K, 0% used [0x00000000e0000000,0x00000000e0000000,0x00000000e5f00000)
  from space 9216K, 99% used [0x00000000e5f00000,0x00000000e67fead8,0x00000000e6800000)
  to   space 11776K, 0% used [0x00000000e9d80000,0x00000000e9d80000,0x00000000ea900000)
 ParOldGen       total 39424K, used 17955K [0x00000000a0000000, 0x00000000a2680000, 0x00000000e0000000)
  object space 39424K, 45% used [0x00000000a0000000,0x00000000a1188d80,0x00000000a2680000)
 Metaspace       used 30416K, capacity 30936K, committed 31232K, reserved 1077248K
  class space    used 4134K, capacity 4325K, committed 4352K, reserved 1048576K
}
Event: 17.166 GC heap before
{Heap before GC invocations=9 (full 1):
 PSYoungGen      total 106496K, used 87893K [0x00000000e0000000, 0x00000000ea900000, 0x0000000100000000)
  eden space 97280K, 80% used [0x00000000e0000000,0x00000000e4cd6cc0,0x00000000e5f00000)
  from space 9216K, 99% used [0x00000000e5f00000,0x00000000e67fead8,0x00000000e6800000)
  to   space 11776K, 0% used [0x00000000e9d80000,0x00000000e9d80000,0x00000000ea900000)
 ParOldGen       total 39424K, used 17955K [0x00000000a0000000, 0x00000000a2680000, 0x00000000e0000000)
  object space 39424K, 45% used [0x00000000a0000000,0x00000000a1188d80,0x00000000a2680000)
 Metaspace       used 34698K, capacity 35404K, committed 35456K, reserved 1079296K
  class space    used 4719K, capacity 4983K, committed 4992K, reserved 1048576K
Event: 17.387 GC heap after
Heap after GC invocations=9 (full 1):
 PSYoungGen      total 158720K, used 11766K [0x00000000e0000000, 0x00000000eb400000, 0x0000000100000000)
  eden space 146944K, 0% used [0x00000000e0000000,0x00000000e0000000,0x00000000e8f80000)
  from space 11776K, 99% used [0x00000000e9d80000,0x00000000ea8fd9a8,0x00000000ea900000)
  to   space 14336K, 0% used [0x00000000e8f80000,0x00000000e8f80000,0x00000000e9d80000)
 ParOldGen       total 39424K, used 18399K [0x00000000a0000000, 0x00000000a2680000, 0x00000000e0000000)
  object space 39424K, 46% used [0x00000000a0000000,0x00000000a11f7cc8,0x00000000a2680000)
 Metaspace       used 34698K, capacity 35404K, committed 35456K, reserved 1079296K
  class space    used 4719K, capacity 4983K, committed 4992K, reserved 1048576K
}
Event: 17.387 GC heap before
{Heap before GC invocations=10 (full 2):
 PSYoungGen      total 158720K, used 11766K [0x00000000e0000000, 0x00000000eb400000, 0x0000000100000000)
  eden space 146944K, 0% used [0x00000000e0000000,0x00000000e0000000,0x00000000e8f80000)
  from space 11776K, 99% used [0x00000000e9d80000,0x00000000ea8fd9a8,0x00000000ea900000)
  to   space 14336K, 0% used [0x00000000e8f80000,0x00000000e8f80000,0x00000000e9d80000)
 ParOldGen       total 39424K, used 18399K [0x00000000a0000000, 0x00000000a2680000, 0x00000000e0000000)
  object space 39424K, 46% used [0x00000000a0000000,0x00000000a11f7cc8,0x00000000a2680000)
 Metaspace       used 34698K, capacity 35404K, committed 35456K, reserved 1079296K
  class space    used 4719K, capacity 4983K, committed 4992K, reserved 1048576K
Event: 17.630 GC heap after
Heap after GC invocations=10 (full 2):
 PSYoungGen      total 158720K, used 0K [0x00000000e0000000, 0x00000000eb400000, 0x0000000100000000)
  eden space 146944K, 0% used [0x00000000e0000000,0x00000000e0000000,0x00000000e8f80000)
  from space 11776K, 0% used [0x00000000e9d80000,0x00000000e9d80000,0x00000000ea900000)
  to   space 14336K, 0% used [0x00000000e8f80000,0x00000000e8f80000,0x00000000e9d80000)
 ParOldGen       total 49152K, used 18575K [0x00000000a0000000, 0x00000000a3000000, 0x00000000e0000000)
  object space 49152K, 37% used [0x00000000a0000000,0x00000000a1223d28,0x00000000a3000000)
 Metaspace       used 34647K, capacity 35272K, committed 35456K, reserved 1079296K
  class space    used 4705K, capacity 4939K, committed 4992K, reserved 1048576K
}

