# JRE version: OpenJDK Runtime Environment (8.0_152-b01) (build 1.8.0_152-release-1248-b01)
# Java VM: OpenJDK 64-Bit Server VM (25.152-b01 mixed mode windows-amd64 compressed oops)
Heap:
 PSYoungGen      total 466944K, used 59785K [0x00000000e0000000, 0x0000000100000000, 0x0000000100000000)
  eden space 415744K, 6% used [0x00000000e0000000,0x00000000e1a397c0,0x00000000f9600000)
  from space 51200K, 64% used [0x00000000f9600000,0x00000000fb628e00,0x00000000fc800000)
  to   space 54784K, 0% used [0x00000000fca80000,0x00000000fca80000,0x0000000100000000)
 ParOldGen       total 161280K, used 120257K [0x00000000a0000000, 0x00000000a9d80000, 0x00000000e0000000)
  object space 161280K, 74% used [0x00000000a0000000,0x00000000a75706f8,0x00000000a9d80000)
 Metaspace       used 115584K, capacity 125727K, committed 126080K, reserved 1159168K
  class space    used 14468K, capacity 16944K, committed 17024K, reserved 1048576K
GC Heap History (10 events):
Event: 3754.582 GC heap before
{Heap before GC invocations=60 (full 5):
 PSYoungGen      total 459776K, used 408463K [0x00000000e0000000, 0x0000000100000000, 0x0000000100000000)
  eden space 400896K, 99% used [0x00000000e0000000,0x00000000f877e4f0,0x00000000f8780000)
  from space 58880K, 12% used [0x00000000fbf80000,0x00000000fc6e58c8,0x00000000ff900000)
  to   space 57344K, 0% used [0x00000000f8780000,0x00000000f8780000,0x00000000fbf80000)
 ParOldGen       total 161280K, used 115739K [0x00000000a0000000, 0x00000000a9d80000, 0x00000000e0000000)
  object space 161280K, 71% used [0x00000000a0000000,0x00000000a7106d80,0x00000000a9d80000)
 Metaspace       used 115355K, capacity 125363K, committed 125568K, reserved 1157120K
  class space    used 14459K, capacity 16932K, committed 17024K, reserved 1048576K
Event: 3754.704 GC heap after
Heap after GC invocations=60 (full 5):
 PSYoungGen      total 458240K, used 2240K [0x00000000e0000000, 0x00000000ffc80000, 0x0000000100000000)
  eden space 400896K, 0% used [0x00000000e0000000,0x00000000e0000000,0x00000000f8780000)
  from space 57344K, 3% used [0x00000000f8780000,0x00000000f89b0000,0x00000000fbf80000)
  to   space 56320K, 0% used [0x00000000fc580000,0x00000000fc580000,0x00000000ffc80000)
 ParOldGen       total 161280K, used 117715K [0x00000000a0000000, 0x00000000a9d80000, 0x00000000e0000000)
  object space 161280K, 72% used [0x00000000a0000000,0x00000000a72f4f98,0x00000000a9d80000)
 Metaspace       used 115355K, capacity 125363K, committed 125568K, reserved 1157120K
  class space    used 14459K, capacity 16932K, committed 17024K, reserved 1048576K
}
Event: 3758.896 GC heap before
{Heap before GC invocations=61 (full 5):
 PSYoungGen      total 458240K, used 403136K [0x00000000e0000000, 0x00000000ffc80000, 0x0000000100000000)
  eden space 400896K, 100% used [0x00000000e0000000,0x00000000f8780000,0x00000000f8780000)
  from space 57344K, 3% used [0x00000000f8780000,0x00000000f89b0000,0x00000000fbf80000)
  to   space 56320K, 0% used [0x00000000fc580000,0x00000000fc580000,0x00000000ffc80000)
 ParOldGen       total 161280K, used 117715K [0x00000000a0000000, 0x00000000a9d80000, 0x00000000e0000000)
  object space 161280K, 72% used [0x00000000a0000000,0x00000000a72f4f98,0x00000000a9d80000)
 Metaspace       used 115407K, capacity 125491K, committed 125824K, reserved 1159168K
  class space    used 14459K, capacity 16932K, committed 17024K, reserved 1048576K
Event: 3758.951 GC heap after
Heap after GC invocations=61 (full 5):
 PSYoungGen      total 465408K, used 4349K [0x00000000e0000000, 0x00000000ffc00000, 0x0000000100000000)
  eden space 409600K, 0% used [0x00000000e0000000,0x00000000e0000000,0x00000000f9000000)
  from space 55808K, 7% used [0x00000000fc580000,0x00000000fc9bf450,0x00000000ffc00000)
  to   space 54784K, 0% used [0x00000000f9000000,0x00000000f9000000,0x00000000fc580000)
 ParOldGen       total 161280K, used 117771K [0x00000000a0000000, 0x00000000a9d80000, 0x00000000e0000000)
  object space 161280K, 73% used [0x00000000a0000000,0x00000000a7302fb8,0x00000000a9d80000)
 Metaspace       used 115407K, capacity 125491K, committed 125824K, reserved 1159168K
  class space    used 14459K, capacity 16932K, committed 17024K, reserved 1048576K
}
Event: 3761.727 GC heap before
{Heap before GC invocations=62 (full 5):
 PSYoungGen      total 465408K, used 413949K [0x00000000e0000000, 0x00000000ffc00000, 0x0000000100000000)
  eden space 409600K, 100% used [0x00000000e0000000,0x00000000f9000000,0x00000000f9000000)
  from space 55808K, 7% used [0x00000000fc580000,0x00000000fc9bf450,0x00000000ffc00000)
  to   space 54784K, 0% used [0x00000000f9000000,0x00000000f9000000,0x00000000fc580000)
 ParOldGen       total 161280K, used 117771K [0x00000000a0000000, 0x00000000a9d80000, 0x00000000e0000000)
  object space 161280K, 73% used [0x00000000a0000000,0x00000000a7302fb8,0x00000000a9d80000)
 Metaspace       used 115426K, capacity 125491K, committed 125824K, reserved 1159168K
  class space    used 14459K, capacity 16932K, committed 17024K, reserved 1048576K
Event: 3761.794 GC heap after
Heap after GC invocations=62 (full 5):
 PSYoungGen      total 464384K, used 3734K [0x00000000e0000000, 0x00000000ffc00000, 0x0000000100000000)
  eden space 409600K, 0% used [0x00000000e0000000,0x00000000e0000000,0x00000000f9000000)
  from space 54784K, 6% used [0x00000000f9000000,0x00000000f93a59f0,0x00000000fc580000)
  to   space 53248K, 0% used [0x00000000fc800000,0x00000000fc800000,0x00000000ffc00000)
 ParOldGen       total 161280K, used 119583K [0x00000000a0000000, 0x00000000a9d80000, 0x00000000e0000000)
  object space 161280K, 74% used [0x00000000a0000000,0x00000000a74c7ff8,0x00000000a9d80000)
 Metaspace       used 115426K, capacity 125491K, committed 125824K, reserved 1159168K
  class space    used 14459K, capacity 16932K, committed 17024K, reserved 1048576K
}
Event: 3764.031 GC heap before
{Heap before GC invocations=63 (full 5):
 PSYoungGen      total 464384K, used 413334K [0x00000000e0000000, 0x00000000ffc00000, 0x0000000100000000)
  eden space 409600K, 100% used [0x00000000e0000000,0x00000000f9000000,0x00000000f9000000)
  from space 54784K, 6% used [0x00000000f9000000,0x00000000f93a59f0,0x00000000fc580000)
  to   space 53248K, 0% used [0x00000000fc800000,0x00000000fc800000,0x00000000ffc00000)
 ParOldGen       total 161280K, used 119583K [0x00000000a0000000, 0x00000000a9d80000, 0x00000000e0000000)
  object space 161280K, 74% used [0x00000000a0000000,0x00000000a74c7ff8,0x00000000a9d80000)
 Metaspace       used 115427K, capacity 125491K, committed 125824K, reserved 1159168K
  class space    used 14459K, capacity 16932K, committed 17024K, reserved 1048576K
Event: 3764.208 GC heap after
Heap after GC invocations=63 (full 5):
 PSYoungGen      total 467456K, used 3295K [0x00000000e0000000, 0x00000000ffa80000, 0x0000000100000000)
  eden space 415744K, 0% used [0x00000000e0000000,0x00000000e0000000,0x00000000f9600000)
  from space 51712K, 6% used [0x00000000fc800000,0x00000000fcb37e68,0x00000000ffa80000)
  to   space 51200K, 0% used [0x00000000f9600000,0x00000000f9600000,0x00000000fc800000)
 ParOldGen       total 161280K, used 119986K [0x00000000a0000000, 0x00000000a9d80000, 0x00000000e0000000)
  object space 161280K, 74% used [0x00000000a0000000,0x00000000a752cba8,0x00000000a9d80000)
 Metaspace       used 115427K, capacity 125491K, committed 125824K, reserved 1159168K
  class space    used 14459K, capacity 16932K, committed 17024K, reserved 1048576K
}
Event: 3769.215 GC heap before
{Heap before GC invocations=64 (full 5):
 PSYoungGen      total 467456K, used 419039K [0x00000000e0000000, 0x00000000ffa80000, 0x0000000100000000)
  eden space 415744K, 100% used [0x00000000e0000000,0x00000000f9600000,0x00000000f9600000)
  from space 51712K, 6% used [0x00000000fc800000,0x00000000fcb37e68,0x00000000ffa80000)
  to   space 51200K, 0% used [0x00000000f9600000,0x00000000f9600000,0x00000000fc800000)
 ParOldGen       total 161280K, used 119986K [0x00000000a0000000, 0x00000000a9d80000, 0x00000000e0000000)
  object space 161280K, 74% used [0x00000000a0000000,0x00000000a752cba8,0x00000000a9d80000)
 Metaspace       used 115580K, capacity 125727K, committed 126080K, reserved 1159168K
  class space    used 14468K, capacity 16944K, committed 17024K, reserved 1048576K
Event: 3769.748 GC heap after
Heap after GC invocations=64 (full 5):
 PSYoungGen      total 466944K, used 32931K [0x00000000e0000000, 0x0000000100000000, 0x0000000100000000)
  eden space 415744K, 0% used [0x00000000e0000000,0x00000000e0000000,0x00000000f9600000)
  from space 51200K, 64% used [0x00000000f9600000,0x00000000fb628e00,0x00000000fc800000)
  to   space 54784K, 0% used [0x00000000fca80000,0x00000000fca80000,0x0000000100000000)
 ParOldGen       total 161280K, used 120257K [0x00000000a0000000, 0x00000000a9d80000, 0x00000000e0000000)
  object space 161280K, 74% used [0x00000000a0000000,0x00000000a75706f8,0x00000000a9d80000)
 Metaspace       used 115580K, capacity 125727K, committed 126080K, reserved 1159168K
  class space    used 14468K, capacity 16944K, committed 17024K, reserved 1048576K
}

