# JRE version: OpenJDK Runtime Environment (8.0_152-b01) (build 1.8.0_152-release-1248-b01)
# Java VM: OpenJDK 64-Bit Server VM (25.152-b01 mixed mode windows-amd64 compressed oops)
Heap:
 PSYoungGen      total 211968K, used 124417K [0x00000000e0000000, 0x00000000ef200000, 0x0000000100000000)
  eden space 176128K, 70% used [0x00000000e0000000,0x00000000e7980430,0x00000000eac00000)
  from space 35840K, 0% used [0x00000000ecf00000,0x00000000ecf00000,0x00000000ef200000)
  to   space 35840K, 0% used [0x00000000eac00000,0x00000000eac00000,0x00000000ecf00000)
 ParOldGen       total 95232K, used 15959K [0x00000000a0000000, 0x00000000a5d00000, 0x00000000e0000000)
  object space 95232K, 16% used [0x00000000a0000000,0x00000000a0f95dc8,0x00000000a5d00000)
 Metaspace       used 65735K, capacity 67615K, committed 70064K, reserved 1110016K
  class space    used 7712K, capacity 8146K, committed 8624K, reserved 1048576K
GC Heap History (10 events):
Event: 7386.878 GC heap before
{Heap before GC invocations=33 (full 6):
 PSYoungGen      total 196096K, used 184571K [0x00000000e0000000, 0x00000000ee400000, 0x0000000100000000)
  eden space 163840K, 100% used [0x00000000e0000000,0x00000000ea000000,0x00000000ea000000)
  from space 32256K, 64% used [0x00000000ec480000,0x00000000ed8bed18,0x00000000ee400000)
  to   space 34816K, 0% used [0x00000000ea000000,0x00000000ea000000,0x00000000ec200000)
 ParOldGen       total 95232K, used 14844K [0x00000000a0000000, 0x00000000a5d00000, 0x00000000e0000000)
  object space 95232K, 15% used [0x00000000a0000000,0x00000000a0e7f068,0x00000000a5d00000)
 Metaspace       used 64159K, capacity 66229K, committed 66608K, reserved 1107968K
  class space    used 7559K, capacity 8059K, committed 8240K, reserved 1048576K
Event: 7387.288 GC heap after
Heap after GC invocations=33 (full 6):
 PSYoungGen      total 198656K, used 28995K [0x00000000e0000000, 0x00000000ef200000, 0x0000000100000000)
  eden space 163840K, 0% used [0x00000000e0000000,0x00000000e0000000,0x00000000ea000000)
  from space 34816K, 83% used [0x00000000ea000000,0x00000000ebc50db0,0x00000000ec200000)
  to   space 37888K, 0% used [0x00000000ecd00000,0x00000000ecd00000,0x00000000ef200000)
 ParOldGen       total 95232K, used 14852K [0x00000000a0000000, 0x00000000a5d00000, 0x00000000e0000000)
  object space 95232K, 15% used [0x00000000a0000000,0x00000000a0e81068,0x00000000a5d00000)
 Metaspace       used 64159K, capacity 66229K, committed 66608K, reserved 1107968K
  class space    used 7559K, capacity 8059K, committed 8240K, reserved 1048576K
}
Event: 7884.163 GC heap before
{Heap before GC invocations=34 (full 6):
 PSYoungGen      total 198656K, used 192835K [0x00000000e0000000, 0x00000000ef200000, 0x0000000100000000)
  eden space 163840K, 100% used [0x00000000e0000000,0x00000000ea000000,0x00000000ea000000)
  from space 34816K, 83% used [0x00000000ea000000,0x00000000ebc50db0,0x00000000ec200000)
  to   space 37888K, 0% used [0x00000000ecd00000,0x00000000ecd00000,0x00000000ef200000)
 ParOldGen       total 95232K, used 14852K [0x00000000a0000000, 0x00000000a5d00000, 0x00000000e0000000)
  object space 95232K, 15% used [0x00000000a0000000,0x00000000a0e81068,0x00000000a5d00000)
 Metaspace       used 66482K, capacity 68663K, committed 68912K, reserved 1110016K
  class space    used 7891K, capacity 8398K, committed 8496K, reserved 1048576K
Event: 7884.424 GC heap after
Heap after GC invocations=34 (full 6):
 PSYoungGen      total 204800K, used 11368K [0x00000000e0000000, 0x00000000eee80000, 0x0000000100000000)
  eden space 170496K, 0% used [0x00000000e0000000,0x00000000e0000000,0x00000000ea680000)
  from space 34304K, 33% used [0x00000000ecd00000,0x00000000ed81a108,0x00000000eee80000)
  to   space 36864K, 0% used [0x00000000ea680000,0x00000000ea680000,0x00000000eca80000)
 ParOldGen       total 95232K, used 14860K [0x00000000a0000000, 0x00000000a5d00000, 0x00000000e0000000)
  object space 95232K, 15% used [0x00000000a0000000,0x00000000a0e83068,0x00000000a5d00000)
 Metaspace       used 66482K, capacity 68663K, committed 68912K, reserved 1110016K
  class space    used 7891K, capacity 8398K, committed 8496K, reserved 1048576K
}
Event: 8126.471 GC heap before
{Heap before GC invocations=35 (full 6):
 PSYoungGen      total 204800K, used 181864K [0x00000000e0000000, 0x00000000eee80000, 0x0000000100000000)
  eden space 170496K, 100% used [0x00000000e0000000,0x00000000ea680000,0x00000000ea680000)
  from space 34304K, 33% used [0x00000000ecd00000,0x00000000ed81a108,0x00000000eee80000)
  to   space 36864K, 0% used [0x00000000ea680000,0x00000000ea680000,0x00000000eca80000)
 ParOldGen       total 95232K, used 14860K [0x00000000a0000000, 0x00000000a5d00000, 0x00000000e0000000)
  object space 95232K, 15% used [0x00000000a0000000,0x00000000a0e83068,0x00000000a5d00000)
 Metaspace       used 67330K, capacity 69493K, committed 69680K, reserved 1110016K
  class space    used 7971K, capacity 8475K, committed 8496K, reserved 1048576K
Event: 8126.625 GC heap after
Heap after GC invocations=35 (full 6):
 PSYoungGen      total 207360K, used 19099K [0x00000000e0000000, 0x00000000ef200000, 0x0000000100000000)
  eden space 170496K, 0% used [0x00000000e0000000,0x00000000e0000000,0x00000000ea680000)
  from space 36864K, 51% used [0x00000000ea680000,0x00000000eb926d00,0x00000000eca80000)
  to   space 35840K, 0% used [0x00000000ecf00000,0x00000000ecf00000,0x00000000ef200000)
 ParOldGen       total 95232K, used 14868K [0x00000000a0000000, 0x00000000a5d00000, 0x00000000e0000000)
  object space 95232K, 15% used [0x00000000a0000000,0x00000000a0e85068,0x00000000a5d00000)
 Metaspace       used 67330K, capacity 69493K, committed 69680K, reserved 1110016K
  class space    used 7971K, capacity 8475K, committed 8496K, reserved 1048576K
}
Event: 8707.280 GC heap before
{Heap before GC invocations=36 (full 6):
 PSYoungGen      total 207360K, used 94957K [0x00000000e0000000, 0x00000000ef200000, 0x0000000100000000)
  eden space 170496K, 44% used [0x00000000e0000000,0x00000000e4a14a28,0x00000000ea680000)
  from space 36864K, 51% used [0x00000000ea680000,0x00000000eb926d00,0x00000000eca80000)
  to   space 35840K, 0% used [0x00000000ecf00000,0x00000000ecf00000,0x00000000ef200000)
 ParOldGen       total 95232K, used 14868K [0x00000000a0000000, 0x00000000a5d00000, 0x00000000e0000000)
  object space 95232K, 15% used [0x00000000a0000000,0x00000000a0e85068,0x00000000a5d00000)
 Metaspace       used 67609K, capacity 69849K, committed 70064K, reserved 1110016K
  class space    used 7997K, capacity 8507K, committed 8624K, reserved 1048576K
Event: 8707.436 GC heap after
Heap after GC invocations=36 (full 6):
 PSYoungGen      total 211968K, used 6636K [0x00000000e0000000, 0x00000000ef200000, 0x0000000100000000)
  eden space 176128K, 0% used [0x00000000e0000000,0x00000000e0000000,0x00000000eac00000)
  from space 35840K, 18% used [0x00000000ecf00000,0x00000000ed57b310,0x00000000ef200000)
  to   space 35840K, 0% used [0x00000000eac00000,0x00000000eac00000,0x00000000ecf00000)
 ParOldGen       total 95232K, used 14868K [0x00000000a0000000, 0x00000000a5d00000, 0x00000000e0000000)
  object space 95232K, 15% used [0x00000000a0000000,0x00000000a0e85068,0x00000000a5d00000)
 Metaspace       used 67609K, capacity 69849K, committed 70064K, reserved 1110016K
  class space    used 7997K, capacity 8507K, committed 8624K, reserved 1048576K
}
Event: 8707.436 GC heap before
{Heap before GC invocations=37 (full 7):
 PSYoungGen      total 211968K, used 6636K [0x00000000e0000000, 0x00000000ef200000, 0x0000000100000000)
  eden space 176128K, 0% used [0x00000000e0000000,0x00000000e0000000,0x00000000eac00000)
  from space 35840K, 18% used [0x00000000ecf00000,0x00000000ed57b310,0x00000000ef200000)
  to   space 35840K, 0% used [0x00000000eac00000,0x00000000eac00000,0x00000000ecf00000)
 ParOldGen       total 95232K, used 14868K [0x00000000a0000000, 0x00000000a5d00000, 0x00000000e0000000)
  object space 95232K, 15% used [0x00000000a0000000,0x00000000a0e85068,0x00000000a5d00000)
 Metaspace       used 67609K, capacity 69849K, committed 70064K, reserved 1110016K
  class space    used 7997K, capacity 8507K, committed 8624K, reserved 1048576K
Event: 8708.565 GC heap after
Heap after GC invocations=37 (full 7):
 PSYoungGen      total 211968K, used 0K [0x00000000e0000000, 0x00000000ef200000, 0x0000000100000000)
  eden space 176128K, 0% used [0x00000000e0000000,0x00000000e0000000,0x00000000eac00000)
  from space 35840K, 0% used [0x00000000ecf00000,0x00000000ecf00000,0x00000000ef200000)
  to   space 35840K, 0% used [0x00000000eac00000,0x00000000eac00000,0x00000000ecf00000)
 ParOldGen       total 95232K, used 15959K [0x00000000a0000000, 0x00000000a5d00000, 0x00000000e0000000)
  object space 95232K, 16% used [0x00000000a0000000,0x00000000a0f95dc8,0x00000000a5d00000)
 Metaspace       used 65154K, capacity 67011K, committed 70064K, reserved 1110016K
  class space    used 7654K, capacity 8074K, committed 8624K, reserved 1048576K
}

